Running with gitlab-runner 17.10.0~pre.41.g5c23fd8e (5c23fd8e)
  on green-2.saas-linux-medium-amd64.runners-manager.gitlab.com/default XC_pLo7y, system ID: s_e492edf4e5ae
Preparing the "docker+machine" executor
00:29
Using Docker executor with image registry.gitlab.com/fdroid/fdroidserver:buildserver-bookworm ...
Authenticating with credentials from job payload (GitLab Registry)
Pulling docker image registry.gitlab.com/fdroid/fdroidserver:buildserver-bookworm ...
Using docker image sha256:3b8a6dcb6b3214e5dbae38efaa856c8cab3b3700a05edcdec096f6092f77c534 for registry.gitlab.com/fdroid/fdroidserver:buildserver-bookworm with digest registry.gitlab.com/fdroid/fdroidserver@sha256:58fa2abd6f74c571dadce9be5cbf01996aec7b76cc05d783f3568c60e46c4526 ...
Preparing environment
00:10
Running on runner-xcplo7y-project-68532946-concurrent-0 via runner-xcplo7y-s-l-m-amd64-1743513133-bffe8a50...
Getting source from Git repository
00:34
Fetching changes with git depth set to 5000...
Initialized empty Git repository in /builds/xaxoman/xaxoman-fdroiddata/.git/
Created fresh repository.
Checking out 13702aeb as detached HEAD (ref is add-itrack-app)...
Skipping Git submodules setup
$ git remote set-url origin "${CI_REPOSITORY_URL}" || echo 'Not a git repository; skipping'
Restoring cache
00:00
Checking cache for fdroid build-non_protected...
WARNING: file does not exist                       
Failed to extract cache
Executing "step_script" stage of the job script
01:04
Using docker image sha256:3b8a6dcb6b3214e5dbae38efaa856c8cab3b3700a05edcdec096f6092f77c534 for registry.gitlab.com/fdroid/fdroidserver:buildserver-bookworm with digest registry.gitlab.com/fdroid/fdroidserver@sha256:58fa2abd6f74c571dadce9be5cbf01996aec7b76cc05d783f3568c60e46c4526 ...
$ chown -R $(whoami) .
$ test -d build || mkdir build
$ if [ "$CI_PROJECT_PATH" = "fdroid/fdroiddata" ] && [ "$CI_COMMIT_BRANCH" = "$CI_DEFAULT_BRANCH" ]; then # collapsed multi-line command
From https://gitlab.com/fdroid/fdroiddata
 * branch                master     -> FETCH_HEAD
 * [new branch]          master     -> upstream/master
$ echo $TARGET_REF
d776093cd9b7c430c8025ad151744d9c02ece313
$ for f in $(git diff --name-only --diff-filter=d "${TARGET_REF}...${SOURCE_REF}" -- metadata/*.yml) $(git diff --name-only --diff-filter=d "${TARGET_REF}...${SOURCE_REF}" -- metadata/*/signatures); do # collapsed multi-line command
diff --git a/metadata/com.iTrack.app.yml b/metadata/com.iTrack.app.yml
new file mode 100644
index 000000000..0d9ad02a1
--- /dev/null
+++ b/metadata/com.iTrack.app.yml
@@ -0,0 +1,26 @@
+Categories:
+  - Sports & Health
+License: MIT
+AuthorName: iTrack Developer
+SourceCode: https://github.com/xaxoman/iTrack-open-source-workout-app
+IssueTracker: https://github.com/xaxoman/iTrack-open-source-workout-app/issues
+
+AutoName: iTrack workout tracker
+
+RepoType: git
+Repo: https://github.com/xaxoman/iTrack-open-source-workout-app.git
+
+Builds:
+  - versionName: '1.0'
+    versionCode: 1
+    commit: fdroid-prebuild
+    subdir: project/android
+    gradle:
+      - yes
+
+AllowedAPKSigningKeys: d030ea1b2e5afe2219b220d99e9c1cc9068395429d871d6d862466a2ab608d62
+
+AutoUpdateMode: Version
+UpdateCheckMode: Tags
+CurrentVersion: '1.0'
+CurrentVersionCode: 1
\ No newline at end of file
$ test -n "$(printf "$CHANGED" | tr -d '[:space:]')" || { echo "no packages need processing, exiting"; exit 0; }
$ apt-get update
Get:1 https://deb.debian.org/debian bookworm InRelease [151 kB]
Get:2 https://security.debian.org/debian-security bookworm-security InRelease [48.0 kB]
Get:3 https://deb.debian.org/debian bookworm-updates InRelease [55.4 kB]
Get:4 https://deb.debian.org/debian bookworm-backports InRelease [59.4 kB]
Get:5 https://deb.debian.org/debian-security bookworm-security InRelease [48.0 kB]
Get:6 https://security.debian.org/debian-security bookworm-security/main amd64 Packages [250 kB]
Get:7 https://deb.debian.org/debian bookworm/main amd64 Packages [8792 kB]
Get:8 https://deb.debian.org/debian bookworm-updates/main amd64 Packages [512 B]
Get:9 https://deb.debian.org/debian bookworm-backports/main amd64 Packages [300 kB]
Get:10 https://deb.debian.org/debian-security bookworm-security/main amd64 Packages [250 kB]
Fetched 9955 kB in 1s (8645 kB/s)
Reading package lists...
W: Target Packages (main/binary-amd64/Packages) is configured multiple times in /etc/apt/sources.list:1 and /etc/apt/sources.list.d/debian.sources:1
W: Target Packages (main/binary-all/Packages) is configured multiple times in /etc/apt/sources.list:1 and /etc/apt/sources.list.d/debian.sources:1
W: Target Packages (main/binary-amd64/Packages) is configured multiple times in /etc/apt/sources.list:3 and /etc/apt/sources.list.d/debian.sources:1
W: Target Packages (main/binary-all/Packages) is configured multiple times in /etc/apt/sources.list:3 and /etc/apt/sources.list.d/debian.sources:1
W: Target Packages (main/binary-amd64/Packages) is configured multiple times in /etc/apt/sources.list:1 and /etc/apt/sources.list.d/debian.sources:1
W: Target Packages (main/binary-all/Packages) is configured multiple times in /etc/apt/sources.list:1 and /etc/apt/sources.list.d/debian.sources:1
W: Target Packages (main/binary-amd64/Packages) is configured multiple times in /etc/apt/sources.list:3 and /etc/apt/sources.list.d/debian.sources:1
W: Target Packages (main/binary-all/Packages) is configured multiple times in /etc/apt/sources.list:3 and /etc/apt/sources.list.d/debian.sources:1
$ apt-get dist-upgrade
Reading package lists...
Building dependency tree...
Reading state information...
Calculating upgrade...
The following packages will be upgraded:
  tzdata
1 upgraded, 0 newly installed, 0 to remove and 0 not upgraded.
Need to get 299 kB of archives.
After this operation, 7168 B of additional disk space will be used.
Get:1 https://deb.debian.org/debian bookworm-updates/main amd64 tzdata all 2025b-0+deb12u1 [299 kB]
debconf: delaying package configuration, since apt-utils is not installed
Fetched 299 kB in 0s (2622 kB/s)
(Reading database ... 56503 files and directories currently installed.)
Preparing to unpack .../tzdata_2025b-0+deb12u1_all.deb ...
Unpacking tzdata (2025b-0+deb12u1) over (2025a-0+deb12u1) ...
Setting up tzdata (2025b-0+deb12u1) ...
Current default time zone: 'Etc/UTC'
Local time is now:      Tue Apr  1 13:14:29 UTC 2025.
Universal Time is now:  Tue Apr  1 13:14:29 UTC 2025.
Run 'dpkg-reconfigure tzdata' if you wish to change it.
W: Target Packages (main/binary-amd64/Packages) is configured multiple times in /etc/apt/sources.list:1 and /etc/apt/sources.list.d/debian.sources:1
W: Target Packages (main/binary-all/Packages) is configured multiple times in /etc/apt/sources.list:1 and /etc/apt/sources.list.d/debian.sources:1
W: Target Packages (main/binary-amd64/Packages) is configured multiple times in /etc/apt/sources.list:3 and /etc/apt/sources.list.d/debian.sources:1
W: Target Packages (main/binary-all/Packages) is configured multiple times in /etc/apt/sources.list:3 and /etc/apt/sources.list.d/debian.sources:1
$ test -n "$fdroidserver" || source /etc/profile.d/bsenv.sh
$ sdkmanager "platform-tools" "build-tools;31.0.0"
Downloading https://fdroid.gitlab.io/android-sdk-transparency-log/checksums.json.asc into /root/.cache/sdkmanager/checksums.json.asc
Downloading https://fdroid.gitlab.io/android-sdk-transparency-log/checksums.json into /root/.cache/sdkmanager/checksums.json
Downloading https://dl.google.com/android/repository/platform-tools_r35.0.2-linux.zip into /root/.cache/sdkmanager/platform-tools_r35.0.2-linux.zip
Unzipping to /tmp/.sdkmanager-qmj8128s
Installing into /opt/android-sdk/platform-tools
Downloading https://dl.google.com/android/repository/build-tools_r31-linux.zip into /root/.cache/sdkmanager/build-tools_r31-linux.zip
Unzipping to /tmp/.sdkmanager-48pl0icf
Installing into /opt/android-sdk/build-tools/31.0.0
$ rm -rf $fdroidserver
$ mkdir $fdroidserver
$ git ls-remote https://gitlab.com/fdroid/fdroidserver.git master
e6cff099f2e7f2d2d9b0f4def2e0854c78de36d2	refs/heads/master
$ curl --silent https://gitlab.com/fdroid/fdroidserver/-/archive/master/fdroidserver-master.tar.gz | tar -xz --directory=$fdroidserver --strip-components=1
$ export PATH="$fdroidserver:$PATH"
$ export PYTHONPATH="$fdroidserver:$fdroidserver/examples"
$ export PYTHONUNBUFFERED=true
$ curl --silent 'https://gitlab.com/fdroid/fdroid-bootstrap-buildserver/-/raw/master/roles/production_hardening/files/gitconfig' >> $CI_PROJECT_DIR/../.gitconfig
$ for d in logs tmp unsigned $home_vagrant/.android $home_vagrant/.gradle $home_vagrant/metadata; do test -d $d || mkdir $d; chown -R vagrant $d; done
$ ln -s $home_vagrant/.gradle $CI_PROJECT_DIR/.gradle
$ ln -s $CI_PROJECT_DIR/tmp $home_vagrant/tmp
$ ln -s $CI_PROJECT_DIR/srclibs $home_vagrant/srclibs
$ export GRADLE_USER_HOME=$home_vagrant/.gradle
$ export fdroid="sudo --preserve-env --user vagrant env PATH=$fdroidserver:$PATH env PYTHONPATH=$fdroidserver:$fdroidserver/examples env PYTHONUNBUFFERED=true env TERM=$TERM env HOME=$home_vagrant fdroid"
$ printf 'repo_keyalias\x3a sova\n' >> config.yml
$ printf 'keystorepass\x3a r9aquRHYoI8+dYz6jKrLntQ5/NJNASFBacJh7Jv2BlI=\n' >> config.yml
$ printf 'keypass\x3a r9aquRHYoI8+dYz6jKrLntQ5/NJNASFBacJh7Jv2BlI=\n' >> config.yml
$ printf 'keydname\x3a "CN=Birdman, OU=Cell, O=Alcatraz, L=Alcatraz, S=California, C=US"\n' >> config.yml
$ keystore=$fdroidserver/tests/keystore.jks
$ printf "keystore\x3a $keystore\n" >> config.yml
$ APPS="$(./tools/find-changed-builds.py)"
$ for build in $APPS; do set -x; apt-get install sudo; cp -R $CI_PROJECT_DIR/build $home_vagrant/build; appid=${build%:*}; [ -d metadata/$appid ] && cp -R metadata/$appid $home_vagrant/metadata; cp -R metadata/$appid.yml $home_vagrant/metadata; chown -R vagrant $home_vagrant $CI_PROJECT_DIR; pushd $home_vagrant; ln -s $CI_PROJECT_DIR $home_vagrant/fdroiddata; ln -s $CI_PROJECT_DIR/../.gitconfig $home_vagrant/.gitconfig; $fdroid fetchsrclibs $build --verbose; rm $home_vagrant/fdroiddata $home_vagrant/.gitconfig; $fdroid build --verbose --test --refresh-scanner --scan-binary --on-server --no-tarball $build; apt-get install sudo; apk="tmp/binaries/${build/:/_}.binary.apk"; [[ -e $apk ]] && $fdroid scanner --verbose --exit-code $apk; popd; rm -rf $home_vagrant/build || true; rm -rf $ANDROID_HOME/ndk || true; apt-get install -y openjdk-17-jdk-headless; update-alternatives --set java /usr/lib/jvm/java-17-openjdk-amd64/bin/java; ./tools/build-contains-signatures.py $build || continue; $fdroid publish --verbose --error-on-failed $build; done
++ apt-get install sudo
Reading package lists...
Building dependency tree...
Reading state information...
sudo is already the newest version (1.9.13p3-1+deb12u1).
0 upgraded, 0 newly installed, 0 to remove and 0 not upgraded.
W: Target Packages (main/binary-amd64/Packages) is configured multiple times in /etc/apt/sources.list:1 and /etc/apt/sources.list.d/debian.sources:1
W: Target Packages (main/binary-all/Packages) is configured multiple times in /etc/apt/sources.list:1 and /etc/apt/sources.list.d/debian.sources:1
W: Target Packages (main/binary-amd64/Packages) is configured multiple times in /etc/apt/sources.list:3 and /etc/apt/sources.list.d/debian.sources:1
W: Target Packages (main/binary-all/Packages) is configured multiple times in /etc/apt/sources.list:3 and /etc/apt/sources.list.d/debian.sources:1
++ cp -R /builds/xaxoman/xaxoman-fdroiddata/build /home/vagrant/build
++ appid=com.iTrack.app
++ '[' -d metadata/com.iTrack.app ']'
++ cp -R metadata/com.iTrack.app.yml /home/vagrant/metadata
++ chown -R vagrant /home/vagrant /builds/xaxoman/xaxoman-fdroiddata
++ pushd /home/vagrant
++ ln -s /builds/xaxoman/xaxoman-fdroiddata /home/vagrant/fdroiddata
/home/vagrant /builds/xaxoman/xaxoman-fdroiddata
++ ln -s /builds/xaxoman/xaxoman-fdroiddata/../.gitconfig /home/vagrant/.gitconfig
++ sudo --preserve-env --user vagrant env PATH=/home/vagrant/fdroidserver:/home/vagrant/fdroidserver:/usr/local/sbin:/usr/local/bin:/usr/sbin:/usr/bin:/sbin:/bin:/opt/android-sdk/tools:/opt/android-sdk/platform-tools:/opt/gradle/bin env PYTHONPATH=/home/vagrant/fdroidserver:/home/vagrant/fdroidserver/examples env PYTHONUNBUFFERED=true env TERM=dumb env HOME=/home/vagrant fdroid fetchsrclibs com.iTrack.app:1 --verbose
2025-04-01 13:14:36,310 DEBUG: Getting git vcs interface for https://github.com/xaxoman/iTrack-open-source-workout-app.git
2025-04-01 13:14:36,311 DEBUG: > git -c core.askpass=/bin/true -c core.sshCommand=/bin/false -c url.https://.insteadOf=ssh:// -c url.https://u:p@bitbucket.org/.insteadOf=git@bitbucket.org: -c url.https://u:p@bitbucket.org.insteadOf=git://bitbucket.org -c url.https://u:p@bitbucket.org.insteadOf=https://bitbucket.org -c url.https://u:p@github.com/.insteadOf=git@github.com: -c url.https://u:p@github.com.insteadOf=git://github.com -c url.https://u:p@github.com.insteadOf=https://github.com -c url.https://u:p@gitlab.com/.insteadOf=git@gitlab.com: -c url.https://u:p@gitlab.com.insteadOf=git://gitlab.com -c url.https://u:p@gitlab.com.insteadOf=https://gitlab.com -c url.https://u:p@codeberg.org/.insteadOf=git@codeberg.org: -c url.https://u:p@codeberg.org.insteadOf=git://codeberg.org -c url.https://u:p@codeberg.org.insteadOf=https://codeberg.org clone -- https://github.com/xaxoman/iTrack-open-source-workout-app.git build/com.iTrack.app
Cloning into 'build/com.iTrack.app'...
2025-04-01 13:14:36,713 DEBUG: Directory: build/com.iTrack.app
2025-04-01 13:14:36,713 DEBUG: > git rev-parse --show-toplevel
2025-04-01 13:14:36,915 DEBUG: Directory: build/com.iTrack.app
2025-04-01 13:14:36,915 DEBUG: > git checkout -f fdroid-prebuild
2025-04-01 13:14:37,117 DEBUG: Directory: build/com.iTrack.app
2025-04-01 13:14:37,117 DEBUG: > git clean -dffx
2025-04-01 13:14:37,219 DEBUG: Directory: build/com.iTrack.app
2025-04-01 13:14:37,219 DEBUG: > git rev-parse --show-toplevel
2025-04-01 13:14:37,421 DEBUG: Directory: build/com.iTrack.app
2025-04-01 13:14:37,422 DEBUG: > git submodule deinit --all --force
Set up srclibs:
[]
++ rm /home/vagrant/fdroiddata /home/vagrant/.gitconfig
++ sudo --preserve-env --user vagrant env PATH=/home/vagrant/fdroidserver:/home/vagrant/fdroidserver:/usr/local/sbin:/usr/local/bin:/usr/sbin:/usr/bin:/sbin:/bin:/opt/android-sdk/tools:/opt/android-sdk/platform-tools:/opt/gradle/bin env PYTHONPATH=/home/vagrant/fdroidserver:/home/vagrant/fdroidserver/examples env PYTHONUNBUFFERED=true env TERM=dumb env HOME=/home/vagrant fdroid build --verbose --test --refresh-scanner --scan-binary --on-server --no-tarball com.iTrack.app:1
2025-04-01 13:14:37,845 INFO: Creating log directory
2025-04-01 13:14:37,956 DEBUG: Getting git vcs interface for https://github.com/xaxoman/iTrack-open-source-workout-app.git
2025-04-01 13:14:37,956 DEBUG: Checking com.iTrack.app:1
2025-04-01 13:14:37,956 INFO: Building version 1.0 (1) of com.iTrack.app
2025-04-01 13:14:37,957 DEBUG: > sudo passwd --lock root
passwd: password changed.
2025-04-01 13:14:38,159 DEBUG: > sudo SUDO_FORCE_REMOVE=yes dpkg --purge sudo
(Reading database ... 56505 files and directories currently installed.)
Removing sudo (1.9.13p3-1+deb12u1) ...
invoke-rc.d: could not determine current runlevel
invoke-rc.d: policy-rc.d denied execution of stop.
Purging configuration files for sudo (1.9.13p3-1+deb12u1) ...
dpkg: warning: while removing sudo, directory '/etc/sudoers.d' not empty so not removed
Processing triggers for libc-bin (2.36-9+deb12u10) ...
2025-04-01 13:14:38,476 INFO: Getting source for revision fdroid-prebuild
2025-04-01 13:14:38,477 DEBUG: Directory: build/com.iTrack.app
2025-04-01 13:14:38,477 DEBUG: > git rev-parse --show-toplevel
2025-04-01 13:14:38,679 DEBUG: Directory: build/com.iTrack.app
2025-04-01 13:14:38,679 DEBUG: > git submodule foreach --recursive git reset --hard
2025-04-01 13:14:38,781 DEBUG: Directory: build/com.iTrack.app
2025-04-01 13:14:38,781 DEBUG: > git reset --hard
2025-04-01 13:14:38,983 DEBUG: Directory: build/com.iTrack.app
2025-04-01 13:14:38,983 DEBUG: > git submodule foreach --recursive git clean -dffx
2025-04-01 13:14:39,085 DEBUG: Directory: build/com.iTrack.app
2025-04-01 13:14:39,085 DEBUG: > git clean -dffx
2025-04-01 13:14:39,186 DEBUG: Directory: build/com.iTrack.app
2025-04-01 13:14:39,186 DEBUG: > git -c core.askpass=/bin/true -c core.sshCommand=/bin/false -c url.https://.insteadOf=ssh:// -c url.https://u:p@bitbucket.org/.insteadOf=git@bitbucket.org: -c url.https://u:p@bitbucket.org.insteadOf=git://bitbucket.org -c url.https://u:p@bitbucket.org.insteadOf=https://bitbucket.org -c url.https://u:p@github.com/.insteadOf=git@github.com: -c url.https://u:p@github.com.insteadOf=git://github.com -c url.https://u:p@github.com.insteadOf=https://github.com -c url.https://u:p@gitlab.com/.insteadOf=git@gitlab.com: -c url.https://u:p@gitlab.com.insteadOf=git://gitlab.com -c url.https://u:p@gitlab.com.insteadOf=https://gitlab.com -c url.https://u:p@codeberg.org/.insteadOf=git@codeberg.org: -c url.https://u:p@codeberg.org.insteadOf=git://codeberg.org -c url.https://u:p@codeberg.org.insteadOf=https://codeberg.org fetch --prune --prune-tags --force origin
2025-04-01 13:14:39,388 DEBUG: Directory: build/com.iTrack.app
2025-04-01 13:14:39,388 DEBUG: > git -c core.askpass=/bin/true -c core.sshCommand=/bin/false -c url.https://.insteadOf=ssh:// -c url.https://u:p@bitbucket.org/.insteadOf=git@bitbucket.org: -c url.https://u:p@bitbucket.org.insteadOf=git://bitbucket.org -c url.https://u:p@bitbucket.org.insteadOf=https://bitbucket.org -c url.https://u:p@github.com/.insteadOf=git@github.com: -c url.https://u:p@github.com.insteadOf=git://github.com -c url.https://u:p@github.com.insteadOf=https://github.com -c url.https://u:p@gitlab.com/.insteadOf=git@gitlab.com: -c url.https://u:p@gitlab.com.insteadOf=git://gitlab.com -c url.https://u:p@gitlab.com.insteadOf=https://gitlab.com -c url.https://u:p@codeberg.org/.insteadOf=git@codeberg.org: -c url.https://u:p@codeberg.org.insteadOf=git://codeberg.org -c url.https://u:p@codeberg.org.insteadOf=https://codeberg.org fetch --prune --tags --force origin
2025-04-01 13:14:39,590 DEBUG: Directory: build/com.iTrack.app
2025-04-01 13:14:39,590 DEBUG: > git remote set-head origin --auto
2025-04-01 13:14:39,892 DEBUG: Directory: build/com.iTrack.app
2025-04-01 13:14:39,892 DEBUG: > git checkout -f fdroid-prebuild
2025-04-01 13:14:40,094 DEBUG: Directory: build/com.iTrack.app
2025-04-01 13:14:40,094 DEBUG: > git clean -dffx
2025-04-01 13:14:40,196 DEBUG: Directory: build/com.iTrack.app
2025-04-01 13:14:40,196 DEBUG: > git rev-parse --show-toplevel
2025-04-01 13:14:40,398 DEBUG: Directory: build/com.iTrack.app
2025-04-01 13:14:40,398 DEBUG: > git submodule deinit --all --force
2025-04-01 13:14:40,500 INFO: Creating local.properties file at build/com.iTrack.app/local.properties
2025-04-01 13:14:40,500 INFO: Creating local.properties file at build/com.iTrack.app/project/local.properties
2025-04-01 13:14:40,500 INFO: Creating local.properties file at build/com.iTrack.app/project/android/local.properties
2025-04-01 13:14:40,501 DEBUG: Removing debuggable flags from build/com.iTrack.app/project/android
2025-04-01 13:14:40,505 INFO: Cleaning Gradle project...
2025-04-01 13:14:40,505 DEBUG: Directory: build/com.iTrack.app/project/android
2025-04-01 13:14:40,505 DEBUG: > /home/vagrant/fdroidserver/gradlew-fdroid clean
Found 8.11.1 via distributionUrl
Downloading missing gradle version 8.11.1
cachedir /home/vagrant/.cache/fdroidserver
/home/vagrant/.cache/fdroidserver/gradle-8.11.1-bin.zip: OK
Running /home/vagrant/.cache/fdroidserver/gradle/8.11.1/bin/gradle clean
Welcome to Gradle 8.11.1!
Here are the highlights of this release:
 - Parallel load and store for Configuration Cache
 - Java compilation errors at the end of the build output
 - Consolidated report for warnings and deprecations
For more details see https://docs.gradle.org/8.11.1/release-notes.html
To honour the JVM settings for this build a single-use Daemon process will be forked. For more on this, please refer to https://docs.gradle.org/8.11.1/userguide/gradle_daemon.html#sec:disabling_the_daemon in the Gradle documentation.
Daemon will be stopped at the end of the build 
> Configure project :app
WARNING: Using flatDir should be avoided because it doesn't support any meta-data formats.
> Configure project :capacitor-cordova-android-plugins
WARNING: Using flatDir should be avoided because it doesn't support any meta-data formats.
> Task :clean UP-TO-DATE
> Task :app:clean UP-TO-DATE
> Task :capacitor-cordova-android-plugins:clean UP-TO-DATE
[Incubating] Problems report is available at: file:///home/vagrant/build/com.iTrack.app/project/android/build/reports/problems/problems-report.html
Deprecated Gradle features were used in this build, making it incompatible with Gradle 9.0.
You can use '--warning-mode all' to show the individual deprecation warnings and determine if they come from your own scripts or plugins.
For more on this, please refer to https://docs.gradle.org/8.11.1/userguide/command_line_interface.html#sec:command_line_warnings in the Gradle documentation.
BUILD SUCCESSFUL in 25s
3 actionable tasks: 3 up-to-date
2025-04-01 13:15:08,560 INFO: Scanning source for common problems...
2025-04-01 13:15:08,564 DEBUG: scanner is configured to use signature data from: 'suss'
2025-04-01 13:15:08,564 DEBUG: downloading 'https://fdroid.gitlab.io/fdroid-suss/suss.json'
2025-04-01 13:15:08,727 DEBUG: write 'suss.json' to cache
2025-04-01 13:15:08,728 DEBUG: next suss.json cache update due in 23:59:59.997476
2025-04-01 13:15:08,760 INFO: Removing gradle-wrapper.jar at project/android/gradle/wrapper/gradle-wrapper.jar
2025-04-01 13:15:08,766 INFO: Building Gradle project...
2025-04-01 13:15:08,766 DEBUG: Directory: build/com.iTrack.app/project/android
2025-04-01 13:15:08,766 DEBUG: > /home/vagrant/fdroidserver/gradlew-fdroid assembleRelease
Found 8.11.1 via distributionUrl
Running /home/vagrant/.cache/fdroidserver/gradle/8.11.1/bin/gradle assembleRelease
To honour the JVM settings for this build a single-use Daemon process will be forked. For more on this, please refer to https://docs.gradle.org/8.11.1/userguide/gradle_daemon.html#sec:disabling_the_daemon in the Gradle documentation.
Daemon will be stopped at the end of the build 
> Configure project :app
WARNING: Using flatDir should be avoided because it doesn't support any meta-data formats.
> Configure project :capacitor-cordova-android-plugins
WARNING: Using flatDir should be avoided because it doesn't support any meta-data formats.
[Incubating] Problems report is available at: file:///home/vagrant/build/com.iTrack.app/project/android/build/reports/problems/problems-report.html
FAILURE: Build failed with an exception.
* What went wrong:
Could not determine the dependencies of task ':app:mergeReleaseNativeLibs'.
> Could not resolve all dependencies for configuration ':app:releaseRuntimeClasspath'.
   > Could not resolve project :capacitor-android.
     Required by:
         project :app
      > No matching variant of project :capacitor-android was found. The consumer was configured to find a library for use during runtime, preferably optimized for Android, as well as attribute 'com.android.build.api.attributes.AgpVersionAttr' with value '8.7.2', attribute 'com.android.build.api.attributes.BuildTypeAttr' with value 'release', attribute 'org.jetbrains.kotlin.platform.type' with value 'androidJvm' but:
          - No variants exist.
* Try:
> Creating consumable variants is explained in more detail at https://docs.gradle.org/8.11.1/userguide/declaring_dependencies.html#sec:resolvable-consumable-configs.
> Review the variant matching algorithm at https://docs.gradle.org/8.11.1/userguide/variant_attributes.html#sec:abm_algorithm.
> Run with --stacktrace option to get the stack trace.
> Run with --info or --debug option to get more log output.
> Run with --scan to get full insights.
> Get more help at https://help.gradle.org.
Deprecated Gradle features were used in this build, making it incompatible with Gradle 9.0.
You can use '--warning-mode all' to show the individual deprecation warnings and determine if they come from your own scripts or plugins.
For more on this, please refer to https://docs.gradle.org/8.11.1/userguide/command_line_interface.html#sec:command_line_warnings in the Gradle documentation.
BUILD FAILED in 9s
2025-04-01 13:15:18,687 DEBUG: Popen(['git', 'cat-file', '--batch-check'], cwd=/home/vagrant/build/com.iTrack.app, universal_newlines=False, shell=None, istream=<valid stream>)
2025-04-01 13:15:18,690 ERROR: Could not build app com.iTrack.app: Build failed for com.iTrack.app:1.0@d32490f3668e5ce9712595c9907798fe8cbee0d5
==== detail begin ====
Found 8.11.1 via distributionUrl
Running /home/vagrant/.cache/fdroidserver/gradle/8.11.1/bin/gradle assembleRelease
To honour the JVM settings for this build a single-use Daemon process will be forked. For more on this, please refer to https://docs.gradle.org/8.11.1/userguide/gradle_daemon.html#sec:disabling_the_daemon in the Gradle documentation.
Daemon will be stopped at the end of the build 
> Configure project :app
WARNING: Using flatDir should be avoided because it doesn't support any meta-data formats.
> Configure project :capacitor-cordova-android-plugins
WARNING: Using flatDir should be avoided because it doesn't support any meta-data formats.
[Incubating] Problems report is available at: file:///home/vagrant/build/com.iTrack.app/project/android/build/reports/problems/problems-report.html
FAILURE: Build failed with an exception.
* What went wrong:
Could not determine the dependencies of task ':app:mergeReleaseNativeLibs'.
> Could not resolve all dependencies for configuration ':app:releaseRuntimeClasspath'.
   > Could not resolve project :capacitor-android.
     Required by:
         project :app
      > No matching variant of project :capacitor-android was found. The consumer was configured to find a library for use during runtime, preferably optimized for Android, as well as attribute 'com.android.build.api.attributes.AgpVersionAttr' with value '8.7.2', attribute 'com.android.build.api.attributes.BuildTypeAttr' with value 'release', attribute 'org.jetbrains.kotlin.platform.type' with value 'androidJvm' but:
          - No variants exist.
* Try:
> Creating consumable variants is explained in more detail at https://docs.gradle.org/8.11.1/userguide/declaring_dependencies.html#sec:resolvable-consumable-configs.
> Review the variant matching algorithm at https://docs.gradle.org/8.11.1/userguide/variant_attributes.html#sec:abm_algorithm.
> Run with --stacktrace option to get the stack trace.
> Run with --info or --debug option to get more log output.
> Run with --scan to get full insights.
> Get more help at https://help.gradle.org.
Deprecated Gradle features were used in this build, making it incompatible with Gradle 9.0.
You can use '--warning-mode all' to show the individual deprecation warnings and determine if they come from your own scripts or plugins.
For more on this, please refer to https://docs.gradle.org/8.11.1/userguide/command_line_interface.html#sec:command_line_warnings in the Gradle documentation.
BUILD FAILED in 9s
==== detail end ====
2025-04-01 13:15:18,690 DEBUG: Error encountered, stopping by user request.
Uploading artifacts for failed job
00:02
Uploading artifacts...
repo/: found 3 matching artifact files and directories 
unsigned/: found 1 matching artifact files and directories 
tmp/: found 1 matching artifact files and directories 
Uploading artifacts as "archive" to coordinator... 201 Created  id=9589256812 responseStatus=201 Created token=66_aZDZx7
Cleaning up project directory and file based variables
00:01
ERROR: Job failed: exit code 1